\BOOKMARK [0][-]{chapter.1}{\376\377\0001\000.\000\040\000R\000e\000s\000u\000m\000o}{}% 1
\BOOKMARK [0][-]{chapter.2}{\376\377\0002\000.\000\040\000I\000n\000t\000r\000o\000d\000u\000\347\000\343\000o}{}% 2
\BOOKMARK [1][-]{section*.3}{\376\377\0002\000.\0001\000.\000\040\000O\000b\000j\000e\000t\000i\000v\000o\000s}{chapter.2}% 3
\BOOKMARK [1][-]{section*.4}{\376\377\0002\000.\0002\000.\000\040\000E\000s\000c\000o\000p\000o}{chapter.2}% 4
\BOOKMARK [0][-]{chapter.3}{\376\377\0003\000.\000\040\000F\000u\000n\000d\000a\000m\000e\000n\000t\000a\000\347\000\343\000o\000\040\000T\000e\000\363\000r\000i\000c\000a}{}% 5
\BOOKMARK [1][-]{section*.5}{\376\377\0003\000.\0001\000.\000\040\000D\000e\000f\000i\000n\000i\000\347\000\365\000e\000s\000\040\000B\000\341\000s\000i\000c\000a\000s}{chapter.3}% 6
\BOOKMARK [1][-]{section*.6}{\376\377\0003\000.\0002\000.\000\040\000A\000l\000g\000o\000r\000i\000t\000m\000o\000s\000\040\000I\000m\000p\000l\000e\000m\000e\000n\000t\000a\000d\000o\000s}{chapter.3}% 7
\BOOKMARK [2][-]{section*.7}{\376\377\0003\000.\0002\000.\0001\000.\000\040\000B\000u\000s\000c\000a\000\040\000e\000m\000\040\000L\000a\000r\000g\000u\000r\000a\000\040\000\050\000B\000F\000S\000\051}{section*.6}% 8
\BOOKMARK [2][-]{section*.8}{\376\377\0003\000.\0002\000.\0002\000.\000\040\000B\000u\000s\000c\000a\000\040\000e\000m\000\040\000P\000r\000o\000f\000u\000n\000d\000i\000d\000a\000d\000e\000\040\000\050\000D\000F\000S\000\051}{section*.6}% 9
\BOOKMARK [2][-]{section*.9}{\376\377\0003\000.\0002\000.\0003\000.\000\040\000A\000l\000g\000o\000r\000i\000t\000m\000o\000\040\000d\000e\000\040\000D\000i\000j\000k\000s\000t\000r\000a}{section*.6}% 10
\BOOKMARK [2][-]{section*.10}{\376\377\0003\000.\0002\000.\0004\000.\000\040\000A\000l\000g\000o\000r\000i\000t\000m\000o\000\040\000d\000e\000\040\000B\000e\000l\000l\000m\000a\000n\000-\000F\000o\000r\000d}{section*.6}% 11
\BOOKMARK [1][-]{section*.11}{\376\377\0003\000.\0003\000.\000\040\000M\000\351\000t\000r\000i\000c\000a\000s\000\040\000d\000e\000\040\000R\000e\000d\000e}{chapter.3}% 12
\BOOKMARK [2][-]{section*.12}{\376\377\0003\000.\0003\000.\0001\000.\000\040\000D\000e\000n\000s\000i\000d\000a\000d\000e}{section*.11}% 13
\BOOKMARK [2][-]{section*.13}{\376\377\0003\000.\0003\000.\0002\000.\000\040\000G\000r\000a\000u\000\040\000M\000\351\000d\000i\000o}{section*.11}% 14
\BOOKMARK [2][-]{section*.14}{\376\377\0003\000.\0003\000.\0003\000.\000\040\000E\000g\000o\000-\000N\000e\000t\000w\000o\000r\000k}{section*.11}% 15
\BOOKMARK [0][-]{chapter.4}{\376\377\0004\000.\000\040\000M\000e\000t\000o\000d\000o\000l\000o\000g\000i\000a}{}% 16
\BOOKMARK [1][-]{section*.15}{\376\377\0004\000.\0001\000.\000\040\000E\000s\000t\000r\000u\000t\000u\000r\000a\000\040\000d\000e\000\040\000D\000a\000d\000o\000s}{chapter.4}% 17
\BOOKMARK [1][-]{section*.16}{\376\377\0004\000.\0002\000.\000\040\000S\000i\000s\000t\000e\000m\000a\000\040\000d\000e\000\040\000C\000\341\000l\000c\000u\000l\000o\000\040\000d\000e\000\040\000P\000e\000s\000o\000s}{chapter.4}% 18
\BOOKMARK [2][-]{section*.17}{\376\377\0004\000.\0002\000.\0001\000.\000\040\000C\000o\000m\000p\000o\000n\000e\000n\000t\000e\000s\000\040\000d\000o\000\040\000P\000e\000s\000o}{section*.16}% 19
\BOOKMARK [1][-]{section*.21}{\376\377\0004\000.\0003\000.\000\040\000P\000r\000o\000c\000e\000s\000s\000a\000m\000e\000n\000t\000o\000\040\000d\000e\000\040\000D\000a\000d\000o\000s}{chapter.4}% 20
\BOOKMARK [2][-]{section*.22}{\376\377\0004\000.\0003\000.\0001\000.\000\040\000O\000b\000t\000e\000n\000\347\000\343\000o\000\040\000d\000a\000s\000\040\000I\000n\000t\000e\000r\000c\000o\000n\000e\000x\000\365\000e\000s}{section*.21}% 21
\BOOKMARK [2][-]{section*.23}{\376\377\0004\000.\0003\000.\0002\000.\000\040\000E\000t\000a\000p\000a\000\040\0001\000:\000\040\000N\000o\000r\000m\000a\000l\000i\000z\000a\000\347\000\343\000o\000\040\000d\000o\000s\000\040\000B\000a\000i\000r\000r\000o\000s}{section*.21}% 22
\BOOKMARK [2][-]{section*.24}{\376\377\0004\000.\0003\000.\0003\000.\000\040\000E\000t\000a\000p\000a\000\040\0002\000:\000\040\000C\000o\000n\000s\000t\000r\000u\000\347\000\343\000o\000\040\000d\000o\000\040\000G\000r\000a\000f\000o}{section*.21}% 23
\BOOKMARK [2][-]{section*.25}{\376\377\0004\000.\0003\000.\0004\000.\000\040\000E\000t\000a\000p\000a\000\040\0003\000:\000\040\000C\000\341\000l\000c\000u\000l\000o\000\040\000d\000e\000\040\000M\000\351\000t\000r\000i\000c\000a\000s}{section*.21}% 24
\BOOKMARK [1][-]{section*.26}{\376\377\0004\000.\0004\000.\000\040\000A\000n\000\341\000l\000i\000s\000e\000\040\000d\000e\000\040\000C\000a\000m\000i\000n\000h\000o\000s\000\040\000M\000\355\000n\000i\000m\000o\000s}{chapter.4}% 25
\BOOKMARK [1][-]{section*.27}{\376\377\0004\000.\0005\000.\000\040\000V\000i\000s\000u\000a\000l\000i\000z\000a\000\347\000\365\000e\000s}{chapter.4}% 26
\BOOKMARK [0][-]{chapter.5}{\376\377\0005\000.\000\040\000R\000e\000s\000u\000l\000t\000a\000d\000o\000s}{}% 27
\BOOKMARK [1][-]{section*.28}{\376\377\0005\000.\0001\000.\000\040\000C\000a\000r\000a\000c\000t\000e\000r\000\355\000s\000t\000i\000c\000a\000s\000\040\000d\000a\000\040\000R\000e\000d\000e}{chapter.5}% 28
\BOOKMARK [1][-]{section*.29}{\376\377\0005\000.\0002\000.\000\040\000D\000i\000s\000t\000r\000i\000b\000u\000i\000\347\000\343\000o\000\040\000d\000e\000\040\000P\000e\000s\000o\000s}{chapter.5}% 29
\BOOKMARK [1][-]{section*.30}{\376\377\0005\000.\0003\000.\000\040\000C\000a\000s\000o\000\040\000d\000e\000\040\000E\000s\000t\000u\000d\000o\000:\000\040\000N\000o\000v\000a\000\040\000D\000e\000s\000c\000o\000b\000e\000r\000t\000a\000\040\041\222\000\040\000B\000o\000a\000\040\000V\000i\000a\000g\000e\000m}{chapter.5}% 30
\BOOKMARK [1][-]{section*.31}{\376\377\0005\000.\0004\000.\000\040\000V\000a\000l\000i\000d\000a\000\347\000\343\000o\000\040\000d\000o\000s\000\040\000A\000l\000g\000o\000r\000i\000t\000m\000o\000s}{chapter.5}% 31
\BOOKMARK [2][-]{section*.32}{\376\377\0005\000.\0004\000.\0001\000.\000\040\000T\000e\000s\000t\000e\000s\000\040\000d\000e\000\040\000B\000F\000S\000\040\000\050\0006\000\040\000c\000a\000s\000o\000s\000\051}{section*.31}% 32
\BOOKMARK [2][-]{section*.33}{\376\377\0005\000.\0004\000.\0002\000.\000\040\000T\000e\000s\000t\000e\000s\000\040\000d\000e\000\040\000D\000F\000S\000\040\000\050\0006\000\040\000c\000a\000s\000o\000s\000\051}{section*.31}% 33
\BOOKMARK [2][-]{section*.34}{\376\377\0005\000.\0004\000.\0003\000.\000\040\000T\000e\000s\000t\000e\000s\000\040\000d\000e\000\040\000D\000i\000j\000k\000s\000t\000r\000a\000\040\000\050\0007\000\040\000c\000a\000s\000o\000s\000\051}{section*.31}% 34
\BOOKMARK [2][-]{section*.35}{\376\377\0005\000.\0004\000.\0004\000.\000\040\000T\000e\000s\000t\000e\000s\000\040\000d\000e\000\040\000B\000e\000l\000l\000m\000a\000n\000-\000F\000o\000r\000d\000\040\000\050\0007\000\040\000c\000a\000s\000o\000s\000\051}{section*.31}% 35
\BOOKMARK [1][-]{section*.36}{\376\377\0005\000.\0005\000.\000\040\000V\000i\000s\000u\000a\000l\000i\000z\000a\000\347\000\365\000e\000s\000\040\000G\000e\000r\000a\000d\000a\000s}{chapter.5}% 36
\BOOKMARK [0][-]{chapter.6}{\376\377\0006\000.\000\040\000P\000a\000r\000t\000e\000\040\0002\000:\000\040\000D\000a\000t\000a\000s\000e\000t\000\040\000M\000a\000i\000o\000r\000\040\000e\000\040\000C\000o\000m\000p\000a\000r\000a\000\347\000\343\000o\000\040\000d\000e\000\040\000A\000l\000g\000o\000r\000i\000t\000m\000o\000s}{}% 37
\BOOKMARK [1][-]{section*.37}{\376\377\0006\000.\0001\000.\000\040\000D\000e\000s\000c\000r\000i\000\347\000\343\000o\000\040\000d\000o\000\040\000D\000a\000t\000a\000s\000e\000t}{chapter.6}% 38
\BOOKMARK [2][-]{section*.38}{\376\377\0006\000.\0001\000.\0001\000.\000\040\000D\000i\000s\000t\000r\000i\000b\000u\000i\000\347\000\343\000o\000\040\000d\000e\000\040\000G\000r\000a\000u\000s}{section*.37}% 39
\BOOKMARK [1][-]{section*.39}{\376\377\0006\000.\0002\000.\000\040\000E\000x\000p\000e\000r\000i\000m\000e\000n\000t\000o\000s\000\040\000B\000F\000S\000/\000D\000F\000S}{chapter.6}% 40
\BOOKMARK [2][-]{section*.40}{\376\377\0006\000.\0002\000.\0001\000.\000\040\000R\000e\000s\000u\000l\000t\000a\000d\000o\000s\000\040\000B\000F\000S}{section*.39}% 41
\BOOKMARK [2][-]{section*.42}{\376\377\0006\000.\0002\000.\0002\000.\000\040\000R\000e\000s\000u\000l\000t\000a\000d\000o\000s\000\040\000D\000F\000S}{section*.39}% 42
\BOOKMARK [1][-]{section*.44}{\376\377\0006\000.\0003\000.\000\040\000E\000x\000p\000e\000r\000i\000m\000e\000n\000t\000o\000s\000\040\000D\000i\000j\000k\000s\000t\000r\000a}{chapter.6}% 43
\BOOKMARK [1][-]{section*.46}{\376\377\0006\000.\0004\000.\000\040\000E\000x\000p\000e\000r\000i\000m\000e\000n\000t\000o\000s\000\040\000B\000e\000l\000l\000m\000a\000n\000-\000F\000o\000r\000d}{chapter.6}% 44
\BOOKMARK [2][-]{section*.47}{\376\377\0006\000.\0004\000.\0001\000.\000\040\000C\000a\000s\000o\000\040\0001\000:\000\040\000P\000e\000s\000o\000s\000\040\000N\000e\000g\000a\000t\000i\000v\000o\000s\000\040\000s\000e\000m\000\040\000C\000i\000c\000l\000o\000\040\000N\000e\000g\000a\000t\000i\000v\000o}{section*.46}% 45
\BOOKMARK [2][-]{section*.48}{\376\377\0006\000.\0004\000.\0002\000.\000\040\000C\000a\000s\000o\000\040\0002\000:\000\040\000G\000r\000a\000f\000o\000\040\000c\000o\000m\000\040\000C\000i\000c\000l\000o\000\040\000N\000e\000g\000a\000t\000i\000v\000o}{section*.46}% 46
\BOOKMARK [1][-]{section*.49}{\376\377\0006\000.\0005\000.\000\040\000C\000o\000m\000p\000a\000r\000a\000\347\000\343\000o\000\040\000d\000e\000\040\000D\000e\000s\000e\000m\000p\000e\000n\000h\000o}{chapter.6}% 47
\BOOKMARK [2][-]{section*.51}{\376\377\0006\000.\0005\000.\0001\000.\000\040\000A\000n\000\341\000l\000i\000s\000e\000\040\000C\000r\000\355\000t\000i\000c\000a}{section*.49}% 48
\BOOKMARK [2][-]{section*.52}{\376\377\0006\000.\0005\000.\0002\000.\000\040\000L\000i\000m\000i\000t\000e\000s\000\040\000d\000o\000\040\000D\000e\000s\000i\000g\000n\000\040\000d\000e\000\040\000P\000e\000s\000o\000s}{section*.49}% 49
\BOOKMARK [0][-]{chapter.7}{\376\377\0007\000.\000\040\000D\000i\000s\000c\000u\000s\000s\000\343\000o}{}% 50
\BOOKMARK [1][-]{section*.53}{\376\377\0007\000.\0001\000.\000\040\000I\000n\000t\000e\000r\000p\000r\000e\000t\000a\000\347\000\343\000o\000\040\000d\000o\000s\000\040\000R\000e\000s\000u\000l\000t\000a\000d\000o\000s}{chapter.7}% 51
\BOOKMARK [1][-]{section*.54}{\376\377\0007\000.\0002\000.\000\040\000S\000i\000s\000t\000e\000m\000a\000\040\000d\000e\000\040\000P\000e\000s\000o\000s}{chapter.7}% 52
\BOOKMARK [1][-]{section*.55}{\376\377\0007\000.\0003\000.\000\040\000E\000f\000i\000c\000i\000\352\000n\000c\000i\000a\000\040\000d\000o\000s\000\040\000A\000l\000g\000o\000r\000i\000t\000m\000o\000s}{chapter.7}% 53
\BOOKMARK [1][-]{section*.56}{\376\377\0007\000.\0004\000.\000\040\000L\000i\000m\000i\000t\000a\000\347\000\365\000e\000s}{chapter.7}% 54
\BOOKMARK [2][-]{section*.57}{\376\377\0007\000.\0004\000.\0001\000.\000\040\000L\000i\000m\000i\000t\000a\000\347\000\365\000e\000s\000\040\000d\000a\000\040\000C\000o\000l\000e\000t\000a\000\040\000d\000e\000\040\000D\000a\000d\000o\000s}{section*.56}% 55
\BOOKMARK [2][-]{section*.58}{\376\377\0007\000.\0004\000.\0002\000.\000\040\000L\000i\000m\000i\000t\000a\000\347\000\365\000e\000s\000\040\000d\000o\000\040\000S\000i\000s\000t\000e\000m\000a\000\040\000d\000e\000\040\000P\000e\000s\000o\000s}{section*.56}% 56
\BOOKMARK [2][-]{section*.59}{\376\377\0007\000.\0004\000.\0003\000.\000\040\000L\000i\000m\000i\000t\000a\000\347\000\365\000e\000s\000\040\000d\000o\000\040\000M\000o\000d\000e\000l\000o}{section*.56}% 57
\BOOKMARK [0][-]{chapter.8}{\376\377\0008\000.\000\040\000C\000\363\000d\000i\000g\000o\000-\000F\000o\000n\000t\000e}{}% 58
\BOOKMARK [1][-]{section*.60}{\376\377\0008\000.\0001\000.\000\040\000M\000\363\000d\000u\000l\000o\000\040\000P\000r\000i\000n\000c\000i\000p\000a\000l\000:\000\040\000G\000r\000a\000p\000h}{chapter.8}% 59
\BOOKMARK [1][-]{section*.61}{\376\377\0008\000.\0002\000.\000\040\000A\000l\000g\000o\000r\000i\000t\000m\000o\000s\000\040\000d\000e\000\040\000B\000u\000s\000c\000a\000\040\000\050\000B\000F\000S\000\040\000e\000\040\000D\000F\000S\000\051}{chapter.8}% 60
\BOOKMARK [1][-]{section*.62}{\376\377\0008\000.\0003\000.\000\040\000A\000l\000g\000o\000r\000i\000t\000m\000o\000\040\000d\000e\000\040\000D\000i\000j\000k\000s\000t\000r\000a}{chapter.8}% 61
\BOOKMARK [1][-]{section*.63}{\376\377\0008\000.\0004\000.\000\040\000A\000l\000g\000o\000r\000i\000t\000m\000o\000\040\000d\000e\000\040\000B\000e\000l\000l\000m\000a\000n\000-\000F\000o\000r\000d}{chapter.8}% 62
\BOOKMARK [1][-]{section*.64}{\376\377\0008\000.\0005\000.\000\040\000C\000\341\000l\000c\000u\000l\000o\000\040\000d\000e\000\040\000P\000e\000s\000o\000s}{chapter.8}% 63
\BOOKMARK [0][-]{chapter.9}{\376\377\0009\000.\000\040\000C\000o\000n\000c\000l\000u\000s\000\343\000o}{}% 64
\BOOKMARK [1][-]{section*.65}{\376\377\0009\000.\0001\000.\000\040\000P\000a\000r\000t\000e\000\040\0001\000:\000\040\000R\000e\000d\000e\000\040\000d\000e\000\040\000B\000a\000i\000r\000r\000o\000s\000\040\000d\000o\000\040\000R\000e\000c\000i\000f\000e}{chapter.9}% 65
\BOOKMARK [1][-]{section*.66}{\376\377\0009\000.\0002\000.\000\040\000P\000a\000r\000t\000e\000\040\0002\000:\000\040\000D\000a\000t\000a\000s\000e\000t\000\040\000d\000e\000\040\000L\000a\000r\000g\000a\000\040\000E\000s\000c\000a\000l\000a}{chapter.9}% 66
\BOOKMARK [1][-]{section*.67}{\376\377\0009\000.\0003\000.\000\040\000L\000i\000\347\000\365\000e\000s\000\040\000A\000p\000r\000e\000n\000d\000i\000d\000a\000s}{chapter.9}% 67
